app/build/outputs/logs/manifest-merger-debug-report.txt
-- Merging decision tree log ---
manifest
ADDED from src/main/AndroidManifest.xml:2:1-78:12
INJECTED from src/main/AndroidManifest.xml:2:1-78:12
INJECTED from src/main/AndroidManifest.xml:2:1-78:12
INJECTED from src/main/AndroidManifest.xml:2:1-78:12
MERGED from [com.jaeger.statusbarutil:library:1.4.0] AndroidManifest.xml:2:1-13:12
MERGED from [com.mikepenz:materialdrawer:6.0.7] AndroidManifest.xml:2:1-11:12
MERGED from [com.android.support:design:27.1.0] AndroidManifest.xml:17:1-22:12
MERGED from [com.android.support:appcompat-v7:27.1.0] AndroidManifest.xml:17:1-22:12
MERGED from [com.android.support.constraint:constraint-layout:1.0.2] AndroidManifest.xml:2:1-11:12
MERGED from [com.android.support:cardview-v7:26.1.0] AndroidManifest.xml:17:1-28:12
MERGED from [com.android.support:recyclerview-v7:27.1.0] AndroidManifest.xml:17:1-22:12
MERGED from [com.google.android.gms:play-services-location:10.0.0] AndroidManifest.xml:2:1-8:12
MERGED from [com.google.android.gms:play-services-maps:10.0.0] AndroidManifest.xml:16:1-25:12
MERGED from [com.google.android.gms:play-services-base:10.0.0] AndroidManifest.xml:16:1-21:12
MERGED from [com.google.android.gms:play-services-tasks:10.0.0] AndroidManifest.xml:2:1-5:12
MERGED from [com.google.android.gms:play-services-basement:10.0.0] AndroidManifest.xml:16:1-23:12
MERGED from [com.facebook.fresco:fresco:0.12.0] AndroidManifest.xml:2:1-9:12
MERGED from [com.facebook.fresco:drawee:0.12.0] AndroidManifest.xml:2:1-9:12
MERGED from [com.facebook.fresco:imagepipeline:0.12.0] AndroidManifest.xml:2:1-9:12
MERGED from [com.facebook.fresco:imagepipeline-base:0.12.0] AndroidManifest.xml:2:1-9:12
MERGED from [com.android.support:support-v4:27.1.0] AndroidManifest.xml:17:1-22:12
MERGED from [com.android.support:support-fragment:27.1.0] AndroidManifest.xml:17:1-22:12
MERGED from [com.android.support:animated-vector-drawable:27.1.0] AndroidManifest.xml:17:1-22:12
MERGED from [com.android.support:support-core-ui:27.1.0] AndroidManifest.xml:17:1-22:12
MERGED from [com.android.support:support-core-utils:27.1.0] AndroidManifest.xml:17:1-22:12
MERGED from [com.android.support:support-vector-drawable:27.1.0] AndroidManifest.xml:17:1-22:12
MERGED from [com.android.support:transition:27.1.0] AndroidManifest.xml:17:1-22:12
MERGED from [com.android.support:support-media-compat:27.1.0] AndroidManifest.xml:17:1-22:12
MERGED from [com.android.support:support-compat:27.1.0] AndroidManifest.xml:17:1-22:12
MERGED from [com.tapadoo.android:alerter:2.0.4] AndroidManifest.xml:2:1-20:12
MERGED from [com.android.volley:volley:1.1.0] AndroidManifest.xml:2:1-11:12
MERGED from [com.github.skydoves:powermenu:2.0.3] AndroidManifest.xml:2:1-12:12
MERGED from [com.github.tarek360:instacapture:2.0.0] AndroidManifest.xml:2:1-17:12
MERGED from [com.daimajia.easing:library:2.0] AndroidManifest.xml:2:1-12:12
MERGED from [com.daimajia.androidanimations:library:2.3] AndroidManifest.xml:2:1-12:12
MERGED from [net.danlew:android.joda:2.9.9] AndroidManifest.xml:2:1-8:12
MERGED from [com.mikepenz:materialize:1.1.2] AndroidManifest.xml:2:1-12:12
MERGED from [com.mikepenz:iconics-core:3.0.3] AndroidManifest.xml:2:1-12:12
MERGED from [com.mikepenz:fastadapter:3.2.4] AndroidManifest.xml:2:1-12:12
MERGED from [com.mikepenz:fastadapter-extensions-expandable:3.2.4] AndroidManifest.xml:2:1-12:12
MERGED from [com.facebook.fresco:fbcore:0.12.0] AndroidManifest.xml:2:1-9:12
MERGED from [android.arch.lifecycle:runtime:1.1.0] AndroidManifest.xml:17:1-22:12
MERGED from [android.arch.lifecycle:livedata-core:1.1.0] AndroidManifest.xml:17:1-22:12
MERGED from [android.arch.core:runtime:1.1.0] AndroidManifest.xml:17:1-22:12
MERGED from [android.arch.lifecycle:viewmodel:1.1.0] AndroidManifest.xml:17:1-22:12
INJECTED from src/main/AndroidManifest.xml:2:1-78:12
INJECTED from src/main/AndroidManifest.xml:2:1-78:12
INJECTED from src/main/AndroidManifest.xml:2:1-78:12
	package
		ADDED from src/main/AndroidManifest.xml:3:5-42
		INJECTED from src/main/AndroidManifest.xml
		INJECTED from src/main/AndroidManifest.xml
	android:versionName
		INJECTED from src/main/AndroidManifest.xml
		ADDED from src/main/AndroidManifest.xml:2:1-78:12
		INJECTED from src/main/AndroidManifest.xml
	android:versionCode
		INJECTED from src/main/AndroidManifest.xml
		ADDED from src/main/AndroidManifest.xml:2:1-78:12
		INJECTED from src/main/AndroidManifest.xml
	xmlns:android
		ADDED from src/main/AndroidManifest.xml:2:11-69
uses-permission#android.permission.GET_ACCOUNTS
ADDED from src/main/AndroidManifest.xml:6:5-71
	android:name
		ADDED from src/main/AndroidManifest.xml:6:22-68
uses-permission#android.permission.READ_PROFILE
ADDED from src/main/AndroidManifest.xml:7:5-71
	android:name
		ADDED from src/main/AndroidManifest.xml:7:22-68
uses-permission#android.permission.READ_CONTACTS
ADDED from src/main/AndroidManifest.xml:8:5-72
	android:name
		ADDED from src/main/AndroidManifest.xml:8:22-69
uses-permission#android.permission.ACCESS_COARSE_LOCATION
ADDED from src/main/AndroidManifest.xml:11:5-81
	android:name
		ADDED from src/main/AndroidManifest.xml:11:22-78
uses-permission#android.permission.ACCESS_FINE_LOCATION
ADDED from src/main/AndroidManifest.xml:12:5-79
	android:name
		ADDED from src/main/AndroidManifest.xml:12:22-76
uses-permission#android.permission.INTERNET
ADDED from src/main/AndroidManifest.xml:13:5-67
MERGED from [com.google.android.gms:play-services-maps:10.0.0] AndroidManifest.xml:20:5-66
MERGED from [com.google.android.gms:play-services-maps:10.0.0] AndroidManifest.xml:20:5-66
	android:name
		ADDED from src/main/AndroidManifest.xml:13:22-64
application
ADDED from src/main/AndroidManifest.xml:15:5-76:19
MERGED from [com.jaeger.statusbarutil:library:1.4.0] AndroidManifest.xml:11:5-20
MERGED from [com.jaeger.statusbarutil:library:1.4.0] AndroidManifest.xml:11:5-20
MERGED from [com.android.support.constraint:constraint-layout:1.0.2] AndroidManifest.xml:9:5-20
MERGED from [com.android.support.constraint:constraint-layout:1.0.2] AndroidManifest.xml:9:5-20
MERGED from [com.android.support:cardview-v7:26.1.0] AndroidManifest.xml:22:5-26:19
MERGED from [com.android.support:cardview-v7:26.1.0] AndroidManifest.xml:22:5-26:19
MERGED from [com.google.android.gms:play-services-location:10.0.0] AndroidManifest.xml:5:5-6:19
MERGED from [com.google.android.gms:play-services-location:10.0.0] AndroidManifest.xml:5:5-6:19
MERGED from [com.google.android.gms:play-services-maps:10.0.0] AndroidManifest.xml:24:5-19
MERGED from [com.google.android.gms:play-services-maps:10.0.0] AndroidManifest.xml:24:5-19
MERGED from [com.google.android.gms:play-services-base:10.0.0] AndroidManifest.xml:18:5-20:19
MERGED from [com.google.android.gms:play-services-base:10.0.0] AndroidManifest.xml:18:5-20:19
MERGED from [com.google.android.gms:play-services-tasks:10.0.0] AndroidManifest.xml:4:5-19
MERGED from [com.google.android.gms:play-services-tasks:10.0.0] AndroidManifest.xml:4:5-19
MERGED from [com.google.android.gms:play-services-basement:10.0.0] AndroidManifest.xml:19:5-21:19
MERGED from [com.google.android.gms:play-services-basement:10.0.0] AndroidManifest.xml:19:5-21:19
MERGED from [com.tapadoo.android:alerter:2.0.4] AndroidManifest.xml:12:5-18:19
MERGED from [com.tapadoo.android:alerter:2.0.4] AndroidManifest.xml:12:5-18:19
MERGED from [com.android.volley:volley:1.1.0] AndroidManifest.xml:9:5-20
MERGED from [com.android.volley:volley:1.1.0] AndroidManifest.xml:9:5-20
MERGED from [com.github.tarek360:instacapture:2.0.0] AndroidManifest.xml:11:5-15:19
MERGED from [com.github.tarek360:instacapture:2.0.0] AndroidManifest.xml:11:5-15:19
	android:supportsRtl
		ADDED from src/main/AndroidManifest.xml:20:9-35
	android:label
		ADDED from src/main/AndroidManifest.xml:18:9-41
	android:roundIcon
		ADDED from src/main/AndroidManifest.xml:19:9-54
	android:icon
		ADDED from src/main/AndroidManifest.xml:17:9-43
	android:allowBackup
		ADDED from src/main/AndroidManifest.xml:16:9-35
	android:theme
		ADDED from src/main/AndroidManifest.xml:21:9-40
activity#com.example.tineshia.outout.MainActivity
ADDED from src/main/AndroidManifest.xml:22:9-28:20
	android:name
		ADDED from src/main/AndroidManifest.xml:22:19-47
intent-filter#action:name:android.intent.action.MAIN+category:name:android.intent.category.LAUNCHER
ADDED from src/main/AndroidManifest.xml:23:13-27:29
action#android.intent.action.MAIN
ADDED from src/main/AndroidManifest.xml:24:17-69
	android:name
		ADDED from src/main/AndroidManifest.xml:24:25-66
category#android.intent.category.LAUNCHER
ADDED from src/main/AndroidManifest.xml:26:17-77
	android:name
		ADDED from src/main/AndroidManifest.xml:26:27-74
activity#com.example.tineshia.outout.LoginActivity
ADDED from src/main/AndroidManifest.xml:29:9-32:47
	android:screenOrientation
		ADDED from src/main/AndroidManifest.xml:31:13-49
	android:theme
		ADDED from src/main/AndroidManifest.xml:32:13-44
	android:name
		ADDED from src/main/AndroidManifest.xml:30:13-42
activity#com.example.tineshia.outout.RegisterActivity
ADDED from src/main/AndroidManifest.xml:33:9-36:47
	android:screenOrientation
		ADDED from src/main/AndroidManifest.xml:35:13-49
	android:theme
		ADDED from src/main/AndroidManifest.xml:36:13-44
	android:name
		ADDED from src/main/AndroidManifest.xml:34:13-45
activity#com.example.tineshia.outout.UsersListActivity
ADDED from src/main/AndroidManifest.xml:37:9-40:47
	android:screenOrientation
		ADDED from src/main/AndroidManifest.xml:39:13-49
	android:theme
		ADDED from src/main/AndroidManifest.xml:40:13-44
	android:name
		ADDED from src/main/AndroidManifest.xml:38:13-46
meta-data#com.google.android.gms.version
ADDED from src/main/AndroidManifest.xml:50:9-52:69
MERGED from [com.google.android.gms:play-services-basement:10.0.0] AndroidManifest.xml:20:9-121
MERGED from [com.google.android.gms:play-services-basement:10.0.0] AndroidManifest.xml:20:9-121
	android:value
		ADDED from src/main/AndroidManifest.xml:52:13-66
	android:name
		ADDED from src/main/AndroidManifest.xml:51:13-58
meta-data#com.google.android.geo.API_KEY
ADDED from src/main/AndroidManifest.xml:53:9-55:55
	android:value
		ADDED from src/main/AndroidManifest.xml:55:13-52
	android:name
		ADDED from src/main/AndroidManifest.xml:54:13-58
activity#com.example.tineshia.outout.MapsActivity
ADDED from src/main/AndroidManifest.xml:57:9-59:59
	android:label
		ADDED from src/main/AndroidManifest.xml:59:13-56
	android:name
		ADDED from src/main/AndroidManifest.xml:58:13-41
activity#com.example.tineshia.outout.SettingsActivity
ADDED from src/main/AndroidManifest.xml:60:9-62:63
	android:label
		ADDED from src/main/AndroidManifest.xml:62:13-60
	android:name
		ADDED from src/main/AndroidManifest.xml:61:13-45
activity#com.example.tineshia.outout.ProfileActivity
ADDED from src/main/AndroidManifest.xml:63:9-53
	android:name
		ADDED from src/main/AndroidManifest.xml:63:19-50
activity#com.example.tineshia.outout.userCreation
ADDED from src/main/AndroidManifest.xml:64:9-67:47
	android:label
		ADDED from src/main/AndroidManifest.xml:66:13-65
	android:theme
		ADDED from src/main/AndroidManifest.xml:67:13-44
	android:name
		ADDED from src/main/AndroidManifest.xml:65:13-41
activity#com.example.tineshia.outout.Main2Activity
ADDED from src/main/AndroidManifest.xml:68:9-71:47
	android:label
		ADDED from src/main/AndroidManifest.xml:70:13-57
	android:theme
		ADDED from src/main/AndroidManifest.xml:71:13-44
	android:name
		ADDED from src/main/AndroidManifest.xml:69:13-42
activity#com.example.tineshia.outout.planActivity
ADDED from src/main/AndroidManifest.xml:72:9-75:56
	android:label
		ADDED from src/main/AndroidManifest.xml:74:13-56
	android:theme
		ADDED from src/main/AndroidManifest.xml:75:13-44
	android:name
		ADDED from src/main/AndroidManifest.xml:73:13-41
uses-sdk
INJECTED from src/main/AndroidManifest.xml reason: use-sdk injection requested
INJECTED from src/main/AndroidManifest.xml
INJECTED from src/main/AndroidManifest.xml
MERGED from [com.jaeger.statusbarutil:library:1.4.0] AndroidManifest.xml:7:5-9:41
MERGED from [com.jaeger.statusbarutil:library:1.4.0] AndroidManifest.xml:7:5-9:41
MERGED from [com.mikepenz:materialdrawer:6.0.7] AndroidManifest.xml:7:5-9:41
MERGED from [com.mikepenz:materialdrawer:6.0.7] AndroidManifest.xml:7:5-9:41
MERGED from [com.android.support:design:27.1.0] AndroidManifest.xml:20:5-44
MERGED from [com.android.support:design:27.1.0] AndroidManifest.xml:20:5-44
MERGED from [com.android.support:appcompat-v7:27.1.0] AndroidManifest.xml:20:5-44
MERGED from [com.android.support:appcompat-v7:27.1.0] AndroidManifest.xml:20:5-44
MERGED from [com.android.support.constraint:constraint-layout:1.0.2] AndroidManifest.xml:5:5-7:41
MERGED from [com.android.support.constraint:constraint-layout:1.0.2] AndroidManifest.xml:5:5-7:41
MERGED from [com.android.support:cardview-v7:26.1.0] AndroidManifest.xml:20:5-44
MERGED from [com.android.support:cardview-v7:26.1.0] AndroidManifest.xml:20:5-44
MERGED from [com.android.support:recyclerview-v7:27.1.0] AndroidManifest.xml:20:5-44
MERGED from [com.android.support:recyclerview-v7:27.1.0] AndroidManifest.xml:20:5-44
MERGED from [com.google.android.gms:play-services-maps:10.0.0] AndroidManifest.xml:23:5-42
MERGED from [com.google.android.gms:play-services-maps:10.0.0] AndroidManifest.xml:23:5-42
MERGED from [com.google.android.gms:play-services-base:10.0.0] AndroidManifest.xml:17:5-42
MERGED from [com.google.android.gms:play-services-base:10.0.0] AndroidManifest.xml:17:5-42
MERGED from [com.google.android.gms:play-services-tasks:10.0.0] AndroidManifest.xml:3:5-42
MERGED from [com.google.android.gms:play-services-tasks:10.0.0] AndroidManifest.xml:3:5-42
MERGED from [com.google.android.gms:play-services-basement:10.0.0] AndroidManifest.xml:17:5-42
MERGED from [com.google.android.gms:play-services-basement:10.0.0] AndroidManifest.xml:17:5-42
MERGED from [com.facebook.fresco:fresco:0.12.0] AndroidManifest.xml:5:5-7:41
MERGED from [com.facebook.fresco:fresco:0.12.0] AndroidManifest.xml:5:5-7:41
MERGED from [com.facebook.fresco:drawee:0.12.0] AndroidManifest.xml:5:5-7:41
MERGED from [com.facebook.fresco:drawee:0.12.0] AndroidManifest.xml:5:5-7:41
MERGED from [com.facebook.fresco:imagepipeline:0.12.0] AndroidManifest.xml:5:5-7:41
MERGED from [com.facebook.fresco:imagepipeline:0.12.0] AndroidManifest.xml:5:5-7:41
MERGED from [com.facebook.fresco:imagepipeline-base:0.12.0] AndroidManifest.xml:5:5-7:41
MERGED from [com.facebook.fresco:imagepipeline-base:0.12.0] AndroidManifest.xml:5:5-7:41
MERGED from [com.android.support:support-v4:27.1.0] AndroidManifest.xml:20:5-44
MERGED from [com.android.support:support-v4:27.1.0] AndroidManifest.xml:20:5-44
MERGED from [com.android.support:support-fragment:27.1.0] AndroidManifest.xml:20:5-44
MERGED from [com.android.support:support-fragment:27.1.0] AndroidManifest.xml:20:5-44
MERGED from [com.android.support:animated-vector-drawable:27.1.0] AndroidManifest.xml:20:5-44
MERGED from [com.android.support:animated-vector-drawable:27.1.0] AndroidManifest.xml:20:5-44
MERGED from [com.android.support:support-core-ui:27.1.0] AndroidManifest.xml:20:5-44
MERGED from [com.android.support:support-core-ui:27.1.0] AndroidManifest.xml:20:5-44
MERGED from [com.android.support:support-core-utils:27.1.0] AndroidManifest.xml:20:5-44
MERGED from [com.android.support:support-core-utils:27.1.0] AndroidManifest.xml:20:5-44
MERGED from [com.android.support:support-vector-drawable:27.1.0] AndroidManifest.xml:20:5-44
MERGED from [com.android.support:support-vector-drawable:27.1.0] AndroidManifest.xml:20:5-44
MERGED from [com.android.support:transition:27.1.0] AndroidManifest.xml:20:5-44
MERGED from [com.android.support:transition:27.1.0] AndroidManifest.xml:20:5-44
MERGED from [com.android.support:support-media-compat:27.1.0] AndroidManifest.xml:20:5-44
MERGED from [com.android.support:support-media-compat:27.1.0] AndroidManifest.xml:20:5-44
MERGED from [com.android.support:support-compat:27.1.0] AndroidManifest.xml:20:5-44
MERGED from [com.android.support:support-compat:27.1.0] AndroidManifest.xml:20:5-44
MERGED from [com.tapadoo.android:alerter:2.0.4] AndroidManifest.xml:7:5-10:72
MERGED from [com.tapadoo.android:alerter:2.0.4] AndroidManifest.xml:7:5-10:72
MERGED from [com.android.volley:volley:1.1.0] AndroidManifest.xml:7:5-43
MERGED from [com.android.volley:volley:1.1.0] AndroidManifest.xml:7:5-43
MERGED from [com.github.skydoves:powermenu:2.0.3] AndroidManifest.xml:8:5-10:41
MERGED from [com.github.skydoves:powermenu:2.0.3] AndroidManifest.xml:8:5-10:41
MERGED from [com.github.tarek360:instacapture:2.0.0] AndroidManifest.xml:7:5-9:41
MERGED from [com.github.tarek360:instacapture:2.0.0] AndroidManifest.xml:7:5-9:41
MERGED from [com.daimajia.easing:library:2.0] AndroidManifest.xml:8:5-10:41
MERGED from [com.daimajia.easing:library:2.0] AndroidManifest.xml:8:5-10:41
MERGED from [com.daimajia.androidanimations:library:2.3] AndroidManifest.xml:8:5-10:41
MERGED from [com.daimajia.androidanimations:library:2.3] AndroidManifest.xml:8:5-10:41
MERGED from [net.danlew:android.joda:2.9.9] AndroidManifest.xml:6:5-43
MERGED from [net.danlew:android.joda:2.9.9] AndroidManifest.xml:6:5-43
MERGED from [com.mikepenz:materialize:1.1.2] AndroidManifest.xml:8:5-10:41
MERGED from [com.mikepenz:materialize:1.1.2] AndroidManifest.xml:8:5-10:41
MERGED from [com.mikepenz:iconics-core:3.0.3] AndroidManifest.xml:8:5-10:41
MERGED from [com.mikepenz:iconics-core:3.0.3] AndroidManifest.xml:8:5-10:41
MERGED from [com.mikepenz:fastadapter:3.2.4] AndroidManifest.xml:8:5-10:41
MERGED from [com.mikepenz:fastadapter:3.2.4] AndroidManifest.xml:8:5-10:41
MERGED from [com.mikepenz:fastadapter-extensions-expandable:3.2.4] AndroidManifest.xml:8:5-10:41
MERGED from [com.mikepenz:fastadapter-extensions-expandable:3.2.4] AndroidManifest.xml:8:5-10:41
MERGED from [com.facebook.fresco:fbcore:0.12.0] AndroidManifest.xml:5:5-7:41
MERGED from [com.facebook.fresco:fbcore:0.12.0] AndroidManifest.xml:5:5-7:41
MERGED from [android.arch.lifecycle:runtime:1.1.0] AndroidManifest.xml:20:5-44
MERGED from [android.arch.lifecycle:runtime:1.1.0] AndroidManifest.xml:20:5-44
MERGED from [android.arch.lifecycle:livedata-core:1.1.0] AndroidManifest.xml:20:5-44
MERGED from [android.arch.lifecycle:livedata-core:1.1.0] AndroidManifest.xml:20:5-44
MERGED from [android.arch.core:runtime:1.1.0] AndroidManifest.xml:20:5-44
MERGED from [android.arch.core:runtime:1.1.0] AndroidManifest.xml:20:5-44
MERGED from [android.arch.lifecycle:viewmodel:1.1.0] AndroidManifest.xml:20:5-44
MERGED from [android.arch.lifecycle:viewmodel:1.1.0] AndroidManifest.xml:20:5-44
INJECTED from src/main/AndroidManifest.xml
INJECTED from src/main/AndroidManifest.xml
	tools:overrideLibrary
		ADDED from [com.tapadoo.android:alerter:2.0.4] AndroidManifest.xml:10:9-69
	android:targetSdkVersion
		INJECTED from src/main/AndroidManifest.xml
		ADDED from src/main/AndroidManifest.xml
		INJECTED from src/main/AndroidManifest.xml
	android:minSdkVersion
		INJECTED from src/main/AndroidManifest.xml
		ADDED from src/main/AndroidManifest.xml
		INJECTED from src/main/AndroidManifest.xml
meta-data#android.support.VERSION
ADDED from [com.android.support:cardview-v7:26.1.0] AndroidManifest.xml:23:9-25:38
	android:value
		ADDED from [com.android.support:cardview-v7:26.1.0] AndroidManifest.xml:25:13-35
	android:name
		ADDED from [com.android.support:cardview-v7:26.1.0] AndroidManifest.xml:24:13-51
uses-permission#android.permission.WRITE_EXTERNAL_STORAGE
IMPLIED from src/main/AndroidManifest.xml:2:1-78:12 reason: com.google.android.gms.location has a targetSdkVersion < 4
uses-permission#android.permission.READ_PHONE_STATE
IMPLIED from src/main/AndroidManifest.xml:2:1-78:12 reason: com.google.android.gms.location has a targetSdkVersion < 4
uses-permission#android.permission.READ_EXTERNAL_STORAGE
IMPLIED from src/main/AndroidManifest.xml:2:1-78:12 reason: com.google.android.gms.location requested WRITE_EXTERNAL_STORAGE
uses-permission#android.permission.ACCESS_NETWORK_STATE
ADDED from [com.google.android.gms:play-services-maps:10.0.0] AndroidManifest.xml:19:5-78
	android:name
		ADDED from [com.google.android.gms:play-services-maps:10.0.0] AndroidManifest.xml:19:22-76
uses-feature#0x00020000
ADDED from [com.google.android.gms:play-services-maps:10.0.0] AndroidManifest.xml:21:5-77
	android:glEsVersion
		ADDED from [com.google.android.gms:play-services-maps:10.0.0] AndroidManifest.xml:21:19-51
	android:required
		ADDED from [com.google.android.gms:play-services-maps:10.0.0] AndroidManifest.xml:21:52-75
activity#com.google.android.gms.common.api.GoogleApiActivity
ADDED from [com.google.android.gms:play-services-base:10.0.0] AndroidManifest.xml:19:9-172
	android:exported
		ADDED from [com.google.android.gms:play-services-base:10.0.0] AndroidManifest.xml:19:146-170
	android:theme
		ADDED from [com.google.android.gms:play-services-base:10.0.0] AndroidManifest.xml:19:86-145
	android:name
		ADDED from [com.google.android.gms:play-services-base:10.0.0] AndroidManifest.xml:19:19-85
activity#com.tapadoo.alerter.MockActivity
ADDED from [com.tapadoo.android:alerter:2.0.4] AndroidManifest.xml:15:9-17:54
	android:theme
		ADDED from [com.tapadoo.android:alerter:2.0.4] AndroidManifest.xml:17:13-51
	android:name
		ADDED from [com.tapadoo.android:alerter:2.0.4] AndroidManifest.xml:16:13-60